<?xml version="1.0" encoding="UTF-8"?>
<testng-results skipped="0" failed="0" total="1" passed="1">
  <reporter-output>
  </reporter-output>
  <suite name="Suite" duration-ms="12204" started-at="2020-06-02T19:41:50Z" finished-at="2020-06-02T19:42:02Z">
    <groups>
    </groups>
    <test name="Test" duration-ms="12204" started-at="2020-06-02T19:41:50Z" finished-at="2020-06-02T19:42:02Z">
      <class name="com.learnautomation.selenium.DemoForMaven">
        <test-method status="PASS" signature="testHello()[pri:0, instance:com.learnautomation.selenium.DemoForMaven@73d4cc9e]" name="testHello" duration-ms="12190" started-at="2020-06-02T12:41:50Z" finished-at="2020-06-02T12:42:02Z">
          <reporter-output>
          </reporter-output>
        </test-method> <!-- testHello -->
      </class> <!-- com.learnautomation.selenium.DemoForMaven -->
    </test> <!-- Test -->
  </suite> <!-- Suite -->
</testng-results>
