<?xml version="1.0" encoding="UTF-8"?>
<testng-results skipped="0" failed="0" total="1" passed="1">
  <reporter-output>
  </reporter-output>
  <suite name="Suite" duration-ms="29" started-at="2020-06-01T22:59:40Z" finished-at="2020-06-01T22:59:40Z">
    <groups>
    </groups>
    <test name="Test" duration-ms="29" started-at="2020-06-01T22:59:40Z" finished-at="2020-06-01T22:59:40Z">
      <class name="com.learnautomation.selenium.DemoForMaven">
        <test-method status="PASS" signature="testHello()[pri:0, instance:com.learnautomation.selenium.DemoForMaven@351d0846]" name="testHello" duration-ms="12" started-at="2020-06-01T15:59:40Z" finished-at="2020-06-01T15:59:40Z">
          <reporter-output>
          </reporter-output>
        </test-method> <!-- testHello -->
      </class> <!-- com.learnautomation.selenium.DemoForMaven -->
    </test> <!-- Test -->
  </suite> <!-- Suite -->
</testng-results>
